<?xml version="1.0" encoding="UTF-8"?>
<testng-results ignored="0" total="10" passed="9" failed="1" skipped="0">
  <reporter-output>
  </reporter-output>
  <suite started-at="2024-01-13T19:44:44 IST" name="Default suite" finished-at="2024-01-13T19:46:32 IST" duration-ms="107948">
    <groups>
    </groups>
    <test started-at="2024-01-13T19:44:44 IST" name="Default test" finished-at="2024-01-13T19:46:32 IST" duration-ms="107948">
      <class name="com.Ecommerce.testCases.LoginPageTest">
        <test-method is-config="true" signature="loadConfig()[pri:0, instance:com.Ecommerce.testCases.LoginPageTest@4f6ee6e4]" started-at="2024-01-13T19:44:44 IST" name="loadConfig" finished-at="2024-01-13T19:44:44 IST" duration-ms="16" status="PASS">
          <reporter-output>
          </reporter-output>
        </test-method> <!-- loadConfig -->
        <test-method is-config="true" signature="setUp()[pri:0, instance:com.Ecommerce.testCases.LoginPageTest@4f6ee6e4]" started-at="2024-01-13T19:44:44 IST" name="setUp" finished-at="2024-01-13T19:44:51 IST" duration-ms="6952" status="PASS">
          <reporter-output>
          </reporter-output>
        </test-method> <!-- setUp -->
        <test-method signature="incorrect_login_id()[pri:0, instance:com.Ecommerce.testCases.LoginPageTest@4f6ee6e4]" started-at="2024-01-13T19:44:51 IST" name="incorrect_login_id" finished-at="2024-01-13T19:44:55 IST" duration-ms="4074" status="PASS">
          <reporter-output>
          </reporter-output>
        </test-method> <!-- incorrect_login_id -->
        <test-method is-config="true" signature="tearDown()[pri:0, instance:com.Ecommerce.testCases.LoginPageTest@4f6ee6e4]" started-at="2024-01-13T19:44:55 IST" name="tearDown" finished-at="2024-01-13T19:44:55 IST" duration-ms="441" status="PASS">
          <reporter-output>
          </reporter-output>
        </test-method> <!-- tearDown -->
        <test-method is-config="true" signature="setUp()[pri:0, instance:com.Ecommerce.testCases.LoginPageTest@4f6ee6e4]" started-at="2024-01-13T19:44:55 IST" name="setUp" finished-at="2024-01-13T19:44:59 IST" duration-ms="4079" status="PASS">
          <reporter-output>
          </reporter-output>
        </test-method> <!-- setUp -->
        <test-method signature="invalid_login_id()[pri:0, instance:com.Ecommerce.testCases.LoginPageTest@4f6ee6e4]" started-at="2024-01-13T19:44:59 IST" name="invalid_login_id" finished-at="2024-01-13T19:45:06 IST" duration-ms="6403" status="PASS">
          <reporter-output>
          </reporter-output>
        </test-method> <!-- invalid_login_id -->
        <test-method is-config="true" signature="tearDown()[pri:0, instance:com.Ecommerce.testCases.LoginPageTest@4f6ee6e4]" started-at="2024-01-13T19:45:06 IST" name="tearDown" finished-at="2024-01-13T19:45:06 IST" duration-ms="286" status="PASS">
          <reporter-output>
          </reporter-output>
        </test-method> <!-- tearDown -->
        <test-method is-config="true" signature="setUp()[pri:0, instance:com.Ecommerce.testCases.LoginPageTest@4f6ee6e4]" started-at="2024-01-13T19:45:06 IST" name="setUp" finished-at="2024-01-13T19:45:08 IST" duration-ms="2277" status="PASS">
          <reporter-output>
          </reporter-output>
        </test-method> <!-- setUp -->
        <test-method signature="invalid_password()[pri:0, instance:com.Ecommerce.testCases.LoginPageTest@4f6ee6e4]" started-at="2024-01-13T19:45:08 IST" name="invalid_password" finished-at="2024-01-13T19:45:17 IST" duration-ms="8436" status="PASS">
          <reporter-output>
          </reporter-output>
        </test-method> <!-- invalid_password -->
        <test-method is-config="true" signature="tearDown()[pri:0, instance:com.Ecommerce.testCases.LoginPageTest@4f6ee6e4]" started-at="2024-01-13T19:45:17 IST" name="tearDown" finished-at="2024-01-13T19:45:17 IST" duration-ms="375" status="PASS">
          <reporter-output>
          </reporter-output>
        </test-method> <!-- tearDown -->
        <test-method is-config="true" signature="setUp()[pri:0, instance:com.Ecommerce.testCases.LoginPageTest@4f6ee6e4]" started-at="2024-01-13T19:45:17 IST" name="setUp" finished-at="2024-01-13T19:45:22 IST" duration-ms="4745" status="PASS">
          <reporter-output>
          </reporter-output>
        </test-method> <!-- setUp -->
        <test-method signature="valid_login(java.lang.String)[pri:0, instance:com.Ecommerce.testCases.LoginPageTest@4f6ee6e4]" started-at="2024-01-13T19:45:22 IST" name="valid_login" data-provider="usernames" finished-at="2024-01-13T19:45:26 IST" duration-ms="3802" status="PASS">
          <params>
            <param index="0">
              <value>
                <![CDATA[standard_user]]>
              </value>
            </param>
          </params>
          <reporter-output>
          </reporter-output>
        </test-method> <!-- valid_login -->
        <test-method is-config="true" signature="tearDown()[pri:0, instance:com.Ecommerce.testCases.LoginPageTest@4f6ee6e4]" started-at="2024-01-13T19:45:26 IST" name="tearDown" finished-at="2024-01-13T19:45:26 IST" duration-ms="239" status="PASS">
          <reporter-output>
          </reporter-output>
        </test-method> <!-- tearDown -->
        <test-method is-config="true" signature="setUp()[pri:0, instance:com.Ecommerce.testCases.LoginPageTest@4f6ee6e4]" started-at="2024-01-13T19:45:26 IST" name="setUp" finished-at="2024-01-13T19:45:33 IST" duration-ms="7418" status="PASS">
          <reporter-output>
          </reporter-output>
        </test-method> <!-- setUp -->
        <test-method signature="valid_login(java.lang.String)[pri:0, instance:com.Ecommerce.testCases.LoginPageTest@4f6ee6e4]" started-at="2024-01-13T19:45:33 IST" name="valid_login" data-provider="usernames" finished-at="2024-01-13T19:45:37 IST" duration-ms="4010" status="FAIL">
          <params>
            <param index="0">
              <value>
                <![CDATA[locked_out_user]]>
              </value>
            </param>
          </params>
          <exception class="java.lang.AssertionError">
            <message>
              <![CDATA[Login unsuccessful. URL does not match the expected URL for username: locked_out_user expected [https://www.saucedemo.com/inventory.html] but found [https://www.saucedemo.com/]]]>
            </message>
            <full-stacktrace>
              <![CDATA[java.lang.AssertionError: Login unsuccessful. URL does not match the expected URL for username: locked_out_user expected [https://www.saucedemo.com/inventory.html] but found [https://www.saucedemo.com/]
at org.testng.Assert.fail(Assert.java:99)
at org.testng.Assert.failNotEquals(Assert.java:1037)
at org.testng.Assert.assertEqualsImpl(Assert.java:140)
at org.testng.Assert.assertEquals(Assert.java:122)
at org.testng.Assert.assertEquals(Assert.java:629)
at com.Ecommerce.testCases.LoginPageTest.valid_login(LoginPageTest.java:36)
at java.base/jdk.internal.reflect.NativeMethodAccessorImpl.invoke0(Native Method)
at java.base/jdk.internal.reflect.NativeMethodAccessorImpl.invoke(NativeMethodAccessorImpl.java:77)
at java.base/jdk.internal.reflect.DelegatingMethodAccessorImpl.invoke(DelegatingMethodAccessorImpl.java:43)
at java.base/java.lang.reflect.Method.invoke(Method.java:568)
at org.testng.internal.MethodInvocationHelper.invokeMethod(MethodInvocationHelper.java:133)
at org.testng.internal.TestInvoker.invokeMethod(TestInvoker.java:598)
at org.testng.internal.TestInvoker.invokeTestMethod(TestInvoker.java:173)
at org.testng.internal.MethodRunner.runInSequence(MethodRunner.java:46)
at org.testng.internal.TestInvoker$MethodInvocationAgent.invoke(TestInvoker.java:824)
at org.testng.internal.TestInvoker.invokeTestMethods(TestInvoker.java:146)
at org.testng.internal.TestMethodWorker.invokeTestMethods(TestMethodWorker.java:146)
at org.testng.internal.TestMethodWorker.run(TestMethodWorker.java:128)
at java.base/java.util.ArrayList.forEach(ArrayList.java:1511)
at org.testng.TestRunner.privateRun(TestRunner.java:794)
at org.testng.TestRunner.run(TestRunner.java:596)
at org.testng.SuiteRunner.runTest(SuiteRunner.java:377)
at org.testng.SuiteRunner.runSequentially(SuiteRunner.java:371)
at org.testng.SuiteRunner.privateRun(SuiteRunner.java:332)
at org.testng.SuiteRunner.run(SuiteRunner.java:276)
at org.testng.SuiteRunnerWorker.runSuite(SuiteRunnerWorker.java:53)
at org.testng.SuiteRunnerWorker.run(SuiteRunnerWorker.java:96)
at org.testng.TestNG.runSuitesSequentially(TestNG.java:1212)
at org.testng.TestNG.runSuitesLocally(TestNG.java:1134)
at org.testng.TestNG.runSuites(TestNG.java:1063)
at org.testng.TestNG.run(TestNG.java:1031)
at org.testng.remote.AbstractRemoteTestNG.run(AbstractRemoteTestNG.java:115)
at org.testng.remote.RemoteTestNG.initAndRun(RemoteTestNG.java:251)
at org.testng.remote.RemoteTestNG.main(RemoteTestNG.java:77)
]]>
            </full-stacktrace>
          </exception> <!-- java.lang.AssertionError -->
          <reporter-output>
          </reporter-output>
        </test-method> <!-- valid_login -->
        <test-method is-config="true" signature="tearDown()[pri:0, instance:com.Ecommerce.testCases.LoginPageTest@4f6ee6e4]" started-at="2024-01-13T19:45:37 IST" name="tearDown" finished-at="2024-01-13T19:45:38 IST" duration-ms="287" status="PASS">
          <reporter-output>
          </reporter-output>
        </test-method> <!-- tearDown -->
        <test-method is-config="true" signature="setUp()[pri:0, instance:com.Ecommerce.testCases.LoginPageTest@4f6ee6e4]" started-at="2024-01-13T19:45:38 IST" name="setUp" finished-at="2024-01-13T19:45:42 IST" duration-ms="4187" status="PASS">
          <reporter-output>
          </reporter-output>
        </test-method> <!-- setUp -->
        <test-method signature="valid_login(java.lang.String)[pri:0, instance:com.Ecommerce.testCases.LoginPageTest@4f6ee6e4]" started-at="2024-01-13T19:45:42 IST" name="valid_login" data-provider="usernames" finished-at="2024-01-13T19:45:46 IST" duration-ms="3942" status="PASS">
          <params>
            <param index="0">
              <value>
                <![CDATA[problem_user]]>
              </value>
            </param>
          </params>
          <reporter-output>
          </reporter-output>
        </test-method> <!-- valid_login -->
        <test-method is-config="true" signature="tearDown()[pri:0, instance:com.Ecommerce.testCases.LoginPageTest@4f6ee6e4]" started-at="2024-01-13T19:45:46 IST" name="tearDown" finished-at="2024-01-13T19:45:46 IST" duration-ms="276" status="PASS">
          <reporter-output>
          </reporter-output>
        </test-method> <!-- tearDown -->
        <test-method is-config="true" signature="setUp()[pri:0, instance:com.Ecommerce.testCases.LoginPageTest@4f6ee6e4]" started-at="2024-01-13T19:45:46 IST" name="setUp" finished-at="2024-01-13T19:45:49 IST" duration-ms="2745" status="PASS">
          <reporter-output>
          </reporter-output>
        </test-method> <!-- setUp -->
        <test-method signature="valid_login(java.lang.String)[pri:0, instance:com.Ecommerce.testCases.LoginPageTest@4f6ee6e4]" started-at="2024-01-13T19:45:49 IST" name="valid_login" data-provider="usernames" finished-at="2024-01-13T19:46:01 IST" duration-ms="11795" status="PASS">
          <params>
            <param index="0">
              <value>
                <![CDATA[performance_glitch_user]]>
              </value>
            </param>
          </params>
          <reporter-output>
          </reporter-output>
        </test-method> <!-- valid_login -->
        <test-method is-config="true" signature="tearDown()[pri:0, instance:com.Ecommerce.testCases.LoginPageTest@4f6ee6e4]" started-at="2024-01-13T19:46:01 IST" name="tearDown" finished-at="2024-01-13T19:46:01 IST" duration-ms="361" status="PASS">
          <reporter-output>
          </reporter-output>
        </test-method> <!-- tearDown -->
        <test-method is-config="true" signature="setUp()[pri:0, instance:com.Ecommerce.testCases.LoginPageTest@4f6ee6e4]" started-at="2024-01-13T19:46:01 IST" name="setUp" finished-at="2024-01-13T19:46:07 IST" duration-ms="6039" status="PASS">
          <reporter-output>
          </reporter-output>
        </test-method> <!-- setUp -->
        <test-method signature="valid_login(java.lang.String)[pri:0, instance:com.Ecommerce.testCases.LoginPageTest@4f6ee6e4]" started-at="2024-01-13T19:46:07 IST" name="valid_login" data-provider="usernames" finished-at="2024-01-13T19:46:11 IST" duration-ms="4222" status="PASS">
          <params>
            <param index="0">
              <value>
                <![CDATA[error_user]]>
              </value>
            </param>
          </params>
          <reporter-output>
          </reporter-output>
        </test-method> <!-- valid_login -->
        <test-method is-config="true" signature="tearDown()[pri:0, instance:com.Ecommerce.testCases.LoginPageTest@4f6ee6e4]" started-at="2024-01-13T19:46:11 IST" name="tearDown" finished-at="2024-01-13T19:46:12 IST" duration-ms="535" status="PASS">
          <reporter-output>
          </reporter-output>
        </test-method> <!-- tearDown -->
        <test-method is-config="true" signature="setUp()[pri:0, instance:com.Ecommerce.testCases.LoginPageTest@4f6ee6e4]" started-at="2024-01-13T19:46:12 IST" name="setUp" finished-at="2024-01-13T19:46:18 IST" duration-ms="6518" status="PASS">
          <reporter-output>
          </reporter-output>
        </test-method> <!-- setUp -->
        <test-method signature="valid_login(java.lang.String)[pri:0, instance:com.Ecommerce.testCases.LoginPageTest@4f6ee6e4]" started-at="2024-01-13T19:46:18 IST" name="valid_login" data-provider="usernames" finished-at="2024-01-13T19:46:22 IST" duration-ms="3818" status="PASS">
          <params>
            <param index="0">
              <value>
                <![CDATA[visual_user]]>
              </value>
            </param>
          </params>
          <reporter-output>
          </reporter-output>
        </test-method> <!-- valid_login -->
        <test-method is-config="true" signature="tearDown()[pri:0, instance:com.Ecommerce.testCases.LoginPageTest@4f6ee6e4]" started-at="2024-01-13T19:46:22 IST" name="tearDown" finished-at="2024-01-13T19:46:23 IST" duration-ms="351" status="PASS">
          <reporter-output>
          </reporter-output>
        </test-method> <!-- tearDown -->
        <test-method is-config="true" signature="setUp()[pri:0, instance:com.Ecommerce.testCases.LoginPageTest@4f6ee6e4]" started-at="2024-01-13T19:46:23 IST" name="setUp" finished-at="2024-01-13T19:46:28 IST" duration-ms="5128" status="PASS">
          <reporter-output>
          </reporter-output>
        </test-method> <!-- setUp -->
        <test-method signature="valid_password()[pri:0, instance:com.Ecommerce.testCases.LoginPageTest@4f6ee6e4]" started-at="2024-01-13T19:46:28 IST" name="valid_password" finished-at="2024-01-13T19:46:32 IST" duration-ms="3861" status="PASS">
          <reporter-output>
          </reporter-output>
        </test-method> <!-- valid_password -->
        <test-method is-config="true" signature="tearDown()[pri:0, instance:com.Ecommerce.testCases.LoginPageTest@4f6ee6e4]" started-at="2024-01-13T19:46:32 IST" name="tearDown" finished-at="2024-01-13T19:46:32 IST" duration-ms="226" status="PASS">
          <reporter-output>
          </reporter-output>
        </test-method> <!-- tearDown -->
      </class> <!-- com.Ecommerce.testCases.LoginPageTest -->
    </test> <!-- Default test -->
  </suite> <!-- Default suite -->
</testng-results>
